  0%|                                                                                                                                                                             | 0/200 [00:00<?, ?it/s]Train Epoch: 1 [1/3412 (0%)]	Loss: 0.870131
Train Epoch: 1 [11/3412 (0%)]	Loss: 0.330955
Train Epoch: 1 [21/3412 (1%)]	Loss: 0.968104
Train Epoch: 1 [31/3412 (1%)]	Loss: 1.774090
Train Epoch: 1 [41/3412 (1%)]	Loss: 1.890411
Train Epoch: 1 [51/3412 (1%)]	Loss: 1.676710
Train Epoch: 1 [61/3412 (2%)]	Loss: 1.167086
Train Epoch: 1 [71/3412 (2%)]	Loss: 0.357733
Train Epoch: 1 [81/3412 (2%)]	Loss: 1.047765
Train Epoch: 1 [91/3412 (3%)]	Loss: 0.804539
Train Epoch: 1 [101/3412 (3%)]	Loss: 0.890643
Train Epoch: 1 [111/3412 (3%)]	Loss: 1.290836
Train Epoch: 1 [121/3412 (4%)]	Loss: 0.949870
Train Epoch: 1 [131/3412 (4%)]	Loss: 0.552320
Train Epoch: 1 [141/3412 (4%)]	Loss: 1.226420
Train Epoch: 1 [151/3412 (4%)]	Loss: 0.942735
Train Epoch: 1 [161/3412 (5%)]	Loss: 1.939194
Train Epoch: 1 [171/3412 (5%)]	Loss: 1.479321
Train Epoch: 1 [181/3412 (5%)]	Loss: 0.590949
Train Epoch: 1 [191/3412 (6%)]	Loss: 0.848041
Train Epoch: 1 [201/3412 (6%)]	Loss: 1.895547
Train Epoch: 1 [211/3412 (6%)]	Loss: 0.887281
Train Epoch: 1 [221/3412 (6%)]	Loss: 1.108317
Train Epoch: 1 [231/3412 (7%)]	Loss: 0.825931
Train Epoch: 1 [241/3412 (7%)]	Loss: 0.967772
Train Epoch: 1 [251/3412 (7%)]	Loss: 1.212305
Train Epoch: 1 [261/3412 (8%)]	Loss: 0.851810
Train Epoch: 1 [271/3412 (8%)]	Loss: 1.341499
Train Epoch: 1 [281/3412 (8%)]	Loss: 0.572681
Train Epoch: 1 [291/3412 (8%)]	Loss: 1.221911
Train Epoch: 1 [301/3412 (9%)]	Loss: 1.189671
Train Epoch: 1 [311/3412 (9%)]	Loss: 0.635308
Train Epoch: 1 [321/3412 (9%)]	Loss: 1.050881
Train Epoch: 1 [331/3412 (10%)]	Loss: 0.978994
Train Epoch: 1 [341/3412 (10%)]	Loss: 0.760734
Train Epoch: 1 [351/3412 (10%)]	Loss: 0.391047
Train Epoch: 1 [361/3412 (11%)]	Loss: 0.871222
Train Epoch: 1 [371/3412 (11%)]	Loss: 0.755086
Train Epoch: 1 [381/3412 (11%)]	Loss: 1.026551
Train Epoch: 1 [391/3412 (11%)]	Loss: 0.459124
  0%|                                                                                                                                                                             | 0/200 [34:54<?, ?it/s]
Traceback (most recent call last):
  File "ORIEL/Metro-Master/metro_training.py", line 438, in <module>
  File "/sfs/lustre/bahamut/scratch/at5cf/ORIEL/Metro-Master/src/utils/model_training_utlis_wtensorboard.py", line 193, in train_model
    for batch_idx, batch in enumerate(train_dataloader):
  File "/home/at5cf/.conda/envs/oriel/lib/python3.6/site-packages/torch/utils/data/dataloader.py", line 345, in __next__
    data = self._next_data()
  File "/home/at5cf/.conda/envs/oriel/lib/python3.6/site-packages/torch/utils/data/dataloader.py", line 856, in _next_data
    return self._process_data(data)
  File "/home/at5cf/.conda/envs/oriel/lib/python3.6/site-packages/torch/utils/data/dataloader.py", line 881, in _process_data
    data.reraise()
  File "/home/at5cf/.conda/envs/oriel/lib/python3.6/site-packages/torch/_utils.py", line 395, in reraise
    raise self.exc_type(msg)
RuntimeError: Caught RuntimeError in DataLoader worker process 0.
Original Traceback (most recent call last):
  File "/home/at5cf/.conda/envs/oriel/lib/python3.6/site-packages/imageio_ffmpeg/_io.py", line 41, in count_frames_and_secs
    out = subprocess.check_output(cmd, stderr=subprocess.STDOUT, **_popen_kwargs())
  File "/home/at5cf/.conda/envs/oriel/lib/python3.6/subprocess.py", line 356, in check_output
    **kwargs).stdout
  File "/home/at5cf/.conda/envs/oriel/lib/python3.6/subprocess.py", line 438, in run
    output=stdout, stderr=stderr)
subprocess.CalledProcessError: Command '['/home/at5cf/.conda/envs/oriel/lib/python3.6/site-packages/imageio_ffmpeg/binaries/ffmpeg-linux64-v4.2.2', '-i', '/scratch/at5cf/ann/working_with_phone/2018_0615_153502_084B.MP4_82_84_ID_3.MP4', '-map', '0:v:0', '-c', 'copy', '-f', 'null', '-']' returned non-zero exit status 255.

During handling of the above exception, another exception occurred:

Traceback (most recent call last):
  File "/home/at5cf/.conda/envs/oriel/lib/python3.6/site-packages/torch/utils/data/_utils/worker.py", line 178, in _worker_loop
    data = fetcher.fetch(index)
  File "/home/at5cf/.conda/envs/oriel/lib/python3.6/site-packages/torch/utils/data/_utils/fetch.py", line 44, in fetch
    data = [self.dataset[idx] for idx in possibly_batched_index]
  File "/home/at5cf/.conda/envs/oriel/lib/python3.6/site-packages/torch/utils/data/_utils/fetch.py", line 44, in <listcomp>
    data = [self.dataset[idx] for idx in possibly_batched_index]
  File "/sfs/lustre/bahamut/scratch/at5cf/ORIEL/Metro-Master/src/dataloaders/uva_dar_dataset.py", line 181, in __getitem__
    seq, seq_len = self.get_video_data(idx, modality)
  File "/sfs/lustre/bahamut/scratch/at5cf/ORIEL/Metro-Master/src/dataloaders/uva_dar_dataset.py", line 162, in get_video_data
    seq_max_len=self.seq_max_len)
  File "/sfs/lustre/bahamut/scratch/at5cf/ORIEL/Metro-Master/src/dataloaders/uva_dar_dataset.py", line 23, in __init__
    self.length = self.container.count_frames()
  File "/home/at5cf/.conda/envs/oriel/lib/python3.6/site-packages/imageio/plugins/ffmpeg.py", line 358, in count_frames
    return cf(self._filename)[0]
  File "/home/at5cf/.conda/envs/oriel/lib/python3.6/site-packages/imageio_ffmpeg/_io.py", line 44, in count_frames_and_secs
    raise RuntimeError("FFMEG call failed with {}:\n{}".format(err.returncode, out))
RuntimeError: FFMEG call failed with 255:
ffmpeg version 4.2.2-static https://johnvansickle.com/ffmpeg/  Copyright (c) 2000-2019 the FFmpeg developers
  built with gcc 8 (Debian 8.3.0-6)
  configuration: --enable-gpl --enable-version3 --enable-static --disable-debug --disable-ffplay --disable-indev=sndio --disable-outdev=sndio --cc=gcc --enable-fontconfig --enable-frei0r --enable-gnutls --enable-gmp --enable-libgme --enable-gray --enable-libaom --enable-libfribidi --enable-libass --enable-libvmaf --enable-libfreetype --enable-libmp3lame --enable-libopencore-amrnb --enable-libopencore-amrwb --enable-libopenjpeg --enable-librubberband --enable-libsoxr --enable-libspeex --enable-libsrt --enable-libvorbis --enable-libopus --enable-libtheora --enable-libvidstab --enable-libvo-amrwbenc --enable-libvpx --enable-libwebp --enable-libx264 --enable-libx265 --enable-libxml2 --enable-libdav1d --enable-libxvid --enable-libzvbi --enable-libzimg
  libavutil      56. 31.100 / 56. 31.100
  libavcodec     58. 54.100 / 58. 54.100
  libavformat    58. 29.100 / 58. 29.100
  libavdevice    58.  8.100 / 58.  8.100
  libavfilter     7. 57.100 /  7. 57.100
  libswscale      5.  5.100 /  5.  5.100
  libswresample   3.  5.100 /  3.  5.100
  libpostproc    55.  5.100 / 55.  5.100
[mov,mp4,m4a,3gp,3g2,mj2 @ 0x6e21580] decoding for stream 0 failed
Input #0, mov,mp4,m4a,3gp,3g2,mj2, from '/scratch/at5cf/ann/working_with_phone/2018_0615_153502_084B.MP4_82_84_ID_3.MP4':
  Metadata:
    major_brand     : isom
    minor_version   : 512
    compatible_brands: isomiso2avc1mp41
    encoder         : Lavf57.56.101
  Duration: 00:00:02.01, start: 0.000000, bitrate: 12152 kb/s
    Stream #0:0(eng): Video: h264 (High) (avc1 / 0x31637661), yuv420p, 1920x1080, 12064 kb/s, 30 fps, 30 tbr, 60k tbn, 60 tbc (default)
    Metadata:
      handler_name    : VideoHandler
    Stream #0:1(eng): Audio: aac (mp4a / 0x6134706D), 48000 Hz, mono, fltp, 111 kb/s (default)
    Metadata:
      handler_name    : SoundHandler
Output #0, null, to 'pipe:':
  Metadata:
    major_brand     : isom
    minor_version   : 512
    compatible_brands: isomiso2avc1mp41
    encoder         : Lavf58.29.100
    Stream #0:0(eng): Video: h264 (High) (avc1 / 0x31637661), yuv420p, 1920x1080, q=2-31, 12064 kb/s, 30 fps, 30 tbr, 60k tbn, 60k tbc (default)
    Metadata:
      handler_name    : VideoHandler
Stream mapping:
  Stream #0:0 -> #0:0 (copy)
Press [q] to stop, [?] for help
frame=    0 fps=0.0 q=-1.0 Lsize=N/A time=00:00:00.00 bitrate=N/A speed=   0x    
video:0kB audio:0kB subtitle:0kB other streams:0kB global headers:0kB muxing overhead: unknown
Exiting normally, received signal 2.


